Loading rhel7/default-gpu
  Loading requirement: dot slurm turbovnc/2.0.1 vgl/2.5.1/64 singularity/current
    rhel7/global cuda/8.0 gcc-5.4.0-gcc-4.8.5-fis24gg
    openmpi-1.10.7-gcc-5.4.0-jdc7f4f cmake/latest
2022-02-25 09:02:46,327 WARNING  | Overriding opt["fromfile_datapath"] to /rds/project/rds-Yuap0gjVpKM/jw2055/counterspeech-iib-project/counterspeech_project-NLP/generator_only/data/gab_data_test.txt (previously: /rds/project/rds-Yuap0gjVpKM/jw2055/counterspeech-iib-project/counterspeech_project-NLP/generator_only/data/gab_data)
2022-02-25 09:02:46,360 WARNING  | Overriding opt["skip_generation"] to False (previously: True)
2022-02-25 09:02:47,616 INFO     | Using CUDA
2022-02-25 09:02:47,643 INFO     | loading dictionary from /rds/project/rds-Yuap0gjVpKM/jw2055/counterspeech-iib-project/counterspeech_project-NLP/generator_only/from_pretrained_generative2/model.dict
2022-02-25 09:02:47,690 INFO     | num words = 8008
2022-02-25 09:03:46,712 INFO     | Total parameters: 2,696,268,800 (2,695,613,440 trainable)
2022-02-25 09:03:46,876 INFO     | Loading existing model params from /rds/project/rds-Yuap0gjVpKM/jw2055/counterspeech-iib-project/counterspeech_project-NLP/generator_only/from_pretrained_generative2/model
2022-02-25 09:20:15,905 INFO     | creating task(s): fromfile:parlaiformat
2022-02-25 09:20:16,894 WARNING  | You are using this fromfile data as a valid or test set without setting fromfile_datatype_extension to true. Please be aware this uses directly the file you indicated, make sure this is not the same as your training file.
2022-02-25 09:20:16,894 INFO     | Loading ParlAI text data: /rds/project/rds-Yuap0gjVpKM/jw2055/counterspeech-iib-project/counterspeech_project-NLP/generator_only/data/gab_data_test.txt
2022-02-25 09:20:16,977 INFO     | Opt:
2022-02-25 09:20:16,977 INFO     |     activation: gelu
2022-02-25 09:20:16,977 INFO     |     adafactor_eps: '[1e-30, 0.001]'
2022-02-25 09:20:16,977 INFO     |     adam_eps: 1e-08
2022-02-25 09:20:16,977 INFO     |     add_p1_after_newln: False
2022-02-25 09:20:16,977 INFO     |     aggregate_micro: False
2022-02-25 09:20:16,977 INFO     |     allow_missing_init_opts: False
2022-02-25 09:20:16,977 INFO     |     attention_dropout: 0.0
2022-02-25 09:20:16,977 INFO     |     batchsize: 32
2022-02-25 09:20:16,977 INFO     |     beam_block_full_context: True
2022-02-25 09:20:16,977 INFO     |     beam_block_list_filename: None
2022-02-25 09:20:16,977 INFO     |     beam_block_ngram: -1
2022-02-25 09:20:16,977 INFO     |     beam_context_block_ngram: -1
2022-02-25 09:20:16,977 INFO     |     beam_delay: 30
2022-02-25 09:20:16,977 INFO     |     beam_length_penalty: 0.65
2022-02-25 09:20:16,977 INFO     |     beam_min_length: 1
2022-02-25 09:20:16,977 INFO     |     beam_size: 20
2022-02-25 09:20:16,977 INFO     |     betas: '[0.9, 0.999]'
2022-02-25 09:20:16,977 INFO     |     bpe_add_prefix_space: None
2022-02-25 09:20:16,977 INFO     |     bpe_debug: False
2022-02-25 09:20:16,977 INFO     |     bpe_dropout: None
2022-02-25 09:20:16,978 INFO     |     bpe_merge: /rds/project/rds-Yuap0gjVpKM/jw2055/counterspeech-iib-project/counterspeech_project-NLP/generator_only/from_pretrained_generative2/model.dict-merges.txt
2022-02-25 09:20:16,978 INFO     |     bpe_vocab: /rds/project/rds-Yuap0gjVpKM/jw2055/counterspeech-iib-project/counterspeech_project-NLP/generator_only/from_pretrained_generative2/model.dict-vocab.json
2022-02-25 09:20:16,978 INFO     |     checkpoint_activations: False
2022-02-25 09:20:16,978 INFO     |     compute_tokenized_bleu: False
2022-02-25 09:20:16,978 INFO     |     datapath: /rds/project/rds-Yuap0gjVpKM/jw2055/counterspeech-iib-project/python3.8/lib/python3.8/site-packages/data
2022-02-25 09:20:16,978 INFO     |     datatype: train
2022-02-25 09:20:16,978 INFO     |     delimiter: '  '
2022-02-25 09:20:16,978 INFO     |     dict_class: parlai.core.dict:DictionaryAgent
2022-02-25 09:20:16,978 INFO     |     dict_endtoken: __end__
2022-02-25 09:20:16,978 INFO     |     dict_file: /rds/project/rds-Yuap0gjVpKM/jw2055/counterspeech-iib-project/counterspeech_project-NLP/generator_only/from_pretrained_generative2/model.dict
2022-02-25 09:20:16,978 INFO     |     dict_include_test: False
2022-02-25 09:20:16,978 INFO     |     dict_include_valid: False
2022-02-25 09:20:16,978 INFO     |     dict_initpath: None
2022-02-25 09:20:16,978 INFO     |     dict_language: english
2022-02-25 09:20:16,978 INFO     |     dict_loaded: True
2022-02-25 09:20:16,978 INFO     |     dict_lower: False
2022-02-25 09:20:16,978 INFO     |     dict_max_ngram_size: -1
2022-02-25 09:20:16,978 INFO     |     dict_maxexs: -1
2022-02-25 09:20:16,978 INFO     |     dict_maxtokens: -1
2022-02-25 09:20:16,978 INFO     |     dict_minfreq: 0
2022-02-25 09:20:16,978 INFO     |     dict_nulltoken: __null__
2022-02-25 09:20:16,978 INFO     |     dict_starttoken: __start__
2022-02-25 09:20:16,978 INFO     |     dict_textfields: text,labels
2022-02-25 09:20:16,978 INFO     |     dict_tokenizer: bytelevelbpe
2022-02-25 09:20:16,978 INFO     |     dict_unktoken: __unk__
2022-02-25 09:20:16,978 INFO     |     display_add_fields: beam_texts
2022-02-25 09:20:16,978 INFO     |     display_examples: False
2022-02-25 09:20:16,978 INFO     |     download_path: None
2022-02-25 09:20:16,979 INFO     |     dropout: 0.1
2022-02-25 09:20:16,979 INFO     |     dynamic_batching: None
2022-02-25 09:20:16,979 INFO     |     embedding_projection: random
2022-02-25 09:20:16,979 INFO     |     embedding_size: 2560
2022-02-25 09:20:16,979 INFO     |     embedding_type: random
2022-02-25 09:20:16,979 INFO     |     embeddings_scale: True
2022-02-25 09:20:16,979 INFO     |     eval_batchsize: 10
2022-02-25 09:20:16,979 INFO     |     eval_dynamic_batching: None
2022-02-25 09:20:16,979 INFO     |     evaltask: None
2022-02-25 09:20:16,979 INFO     |     ffn_size: 10240
2022-02-25 09:20:16,979 INFO     |     final_extra_opt: 
2022-02-25 09:20:16,979 INFO     |     force_fp16_tokens: True
2022-02-25 09:20:16,979 INFO     |     fp16: True
2022-02-25 09:20:16,979 INFO     |     fp16_impl: safe
2022-02-25 09:20:16,979 INFO     |     fromfile_datapath: /rds/project/rds-Yuap0gjVpKM/jw2055/counterspeech-iib-project/counterspeech_project-NLP/generator_only/data/gab_data_test.txt
2022-02-25 09:20:16,979 INFO     |     fromfile_datatype_extension: True
2022-02-25 09:20:16,979 INFO     |     gpu: -1
2022-02-25 09:20:16,979 INFO     |     gradient_clip: 0.1
2022-02-25 09:20:16,979 INFO     |     hide_labels: False
2022-02-25 09:20:16,979 INFO     |     history_add_global_end_token: end
2022-02-25 09:20:16,979 INFO     |     history_reversed: False
2022-02-25 09:20:16,979 INFO     |     history_size: -1
2022-02-25 09:20:16,979 INFO     |     image_cropsize: 224
2022-02-25 09:20:16,979 INFO     |     image_mode: raw
2022-02-25 09:20:16,979 INFO     |     image_size: 256
2022-02-25 09:20:16,979 INFO     |     inference: beam
2022-02-25 09:20:16,979 INFO     |     init_model: /rds/project/rds-Yuap0gjVpKM/jw2055/counterspeech-iib-project/python3.8/lib/python3.8/site-packages/data/models/blender/reddit_3B/model
2022-02-25 09:20:16,979 INFO     |     init_opt: None
2022-02-25 09:20:16,979 INFO     |     interactive_mode: False
2022-02-25 09:20:16,980 INFO     |     invsqrt_lr_decay_gamma: -1
2022-02-25 09:20:16,980 INFO     |     is_debug: False
2022-02-25 09:20:16,980 INFO     |     label_truncate: 128
2022-02-25 09:20:16,980 INFO     |     learn_positional_embeddings: False
2022-02-25 09:20:16,980 INFO     |     learningrate: 7e-06
2022-02-25 09:20:16,980 INFO     |     log_every_n_secs: 10.0
2022-02-25 09:20:16,980 INFO     |     log_every_n_steps: 50
2022-02-25 09:20:16,980 INFO     |     loglevel: info
2022-02-25 09:20:16,980 INFO     |     lr_scheduler: reduceonplateau
2022-02-25 09:20:16,980 INFO     |     lr_scheduler_decay: 0.5
2022-02-25 09:20:16,980 INFO     |     lr_scheduler_patience: 3
2022-02-25 09:20:16,980 INFO     |     max_train_steps: -1
2022-02-25 09:20:16,980 INFO     |     max_train_time: 43200.0
2022-02-25 09:20:16,980 INFO     |     metrics: default
2022-02-25 09:20:16,980 INFO     |     model: transformer/generator
2022-02-25 09:20:16,980 INFO     |     model_file: /rds/project/rds-Yuap0gjVpKM/jw2055/counterspeech-iib-project/counterspeech_project-NLP/generator_only/from_pretrained_generative2/model
2022-02-25 09:20:16,980 INFO     |     model_parallel: True
2022-02-25 09:20:16,980 INFO     |     momentum: 0
2022-02-25 09:20:16,980 INFO     |     multitask_weights: '[1.0, 3.0, 3.0, 3.0]'
2022-02-25 09:20:16,980 INFO     |     mutators: None
2022-02-25 09:20:16,980 INFO     |     n_decoder_layers: 24
2022-02-25 09:20:16,980 INFO     |     n_encoder_layers: 2
2022-02-25 09:20:16,980 INFO     |     n_heads: 32
2022-02-25 09:20:16,980 INFO     |     n_layers: 2
2022-02-25 09:20:16,980 INFO     |     n_positions: 128
2022-02-25 09:20:16,980 INFO     |     n_segments: 0
2022-02-25 09:20:16,980 INFO     |     nesterov: True
2022-02-25 09:20:16,980 INFO     |     no_cuda: False
2022-02-25 09:20:16,981 INFO     |     num_epochs: 8.0
2022-02-25 09:20:16,981 INFO     |     num_examples: 20
2022-02-25 09:20:16,981 INFO     |     num_workers: 0
2022-02-25 09:20:16,981 INFO     |     nus: [0.7]
2022-02-25 09:20:16,981 INFO     |     optimizer: adam
2022-02-25 09:20:16,981 INFO     |     output_scaling: 1.0
2022-02-25 09:20:16,981 INFO     |     override: "{'task': 'fromfile:parlaiformat', 'fromfile_datapath': '/rds/project/rds-Yuap0gjVpKM/jw2055/counterspeech-iib-project/counterspeech_project-NLP/generator_only/data/gab_data_test.txt', 'model': 'transformer/generator', 'model_file': '/rds/project/rds-Yuap0gjVpKM/jw2055/counterspeech-iib-project/counterspeech_project-NLP/generator_only/from_pretrained_generative2/model', 'num_examples': '20', 'display_add_fields': 'beam_texts', 'skip_generation': False, 'verbose': True}"
2022-02-25 09:20:16,981 INFO     |     parlai_home: /rds/project/rds-Yuap0gjVpKM/jw2055/counterspeech-iib-project/python3.8/lib/python3.8/site-packages
2022-02-25 09:20:16,981 INFO     |     person_tokens: False
2022-02-25 09:20:16,981 INFO     |     rank_candidates: False
2022-02-25 09:20:16,981 INFO     |     relu_dropout: 0.0
2022-02-25 09:20:16,981 INFO     |     save_after_valid: True
2022-02-25 09:20:16,981 INFO     |     save_every_n_secs: -1
2022-02-25 09:20:16,981 INFO     |     share_word_embeddings: True
2022-02-25 09:20:16,981 INFO     |     short_final_eval: False
2022-02-25 09:20:16,981 INFO     |     skip_generation: False
2022-02-25 09:20:16,981 INFO     |     special_tok_lst: None
2022-02-25 09:20:16,981 INFO     |     split_lines: False
2022-02-25 09:20:16,981 INFO     |     starttime: Feb24_03-17
2022-02-25 09:20:16,981 INFO     |     task: fromfile:parlaiformat
2022-02-25 09:20:16,981 INFO     |     temperature: 1.0
2022-02-25 09:20:16,981 INFO     |     tensorboard_log: False
2022-02-25 09:20:16,981 INFO     |     tensorboard_logdir: None
2022-02-25 09:20:16,981 INFO     |     text_truncate: 128
2022-02-25 09:20:16,981 INFO     |     topk: 10
2022-02-25 09:20:16,981 INFO     |     topp: 0.9
2022-02-25 09:20:16,981 INFO     |     truncate: 128
2022-02-25 09:20:16,981 INFO     |     update_freq: 2
2022-02-25 09:20:16,981 INFO     |     use_reply: label
2022-02-25 09:20:16,982 INFO     |     validation_cutoff: 1.0
2022-02-25 09:20:16,982 INFO     |     validation_every_n_epochs: 0.25
2022-02-25 09:20:16,982 INFO     |     validation_every_n_secs: -1
2022-02-25 09:20:16,982 INFO     |     validation_every_n_steps: -1
2022-02-25 09:20:16,982 INFO     |     validation_max_exs: -1
2022-02-25 09:20:16,982 INFO     |     validation_metric: ppl
2022-02-25 09:20:16,982 INFO     |     validation_metric_mode: max
2022-02-25 09:20:16,982 INFO     |     validation_patience: 10
2022-02-25 09:20:16,982 INFO     |     validation_share_agent: False
2022-02-25 09:20:16,982 INFO     |     variant: prelayernorm
2022-02-25 09:20:16,982 INFO     |     verbose: True
2022-02-25 09:20:16,982 INFO     |     wandb_entity: None
2022-02-25 09:20:16,982 INFO     |     wandb_log: False
2022-02-25 09:20:16,982 INFO     |     wandb_name: None
2022-02-25 09:20:16,982 INFO     |     wandb_project: None
2022-02-25 09:20:16,982 INFO     |     warmup_rate: 0.0001
2022-02-25 09:20:16,982 INFO     |     warmup_updates: 100
2022-02-25 09:20:16,982 INFO     |     weight_decay: None
2022-02-25 09:20:17,136 INFO     | Current ParlAI commit: 6d8f69b23da02b2bee257a9439c2e55fc02fed8b
2022-02-25 09:20:17,234 INFO     | Current internal commit: 6d8f69b23da02b2bee257a9439c2e55fc02fed8b
2022-02-25 09:20:17,331 INFO     | Current fb commit: 6d8f69b23da02b2bee257a9439c2e55fc02fed8b
/rds/project/rds-Yuap0gjVpKM/jw2055/counterspeech-iib-project/python3.8/lib/python3.8/site-packages/parlai/core/torch_generator_agent.py:1610: UserWarning: __floordiv__ is deprecated, and its behavior will change in a future version of pytorch. It currently rounds toward 0 (like the 'trunc' function NOT 'floor'). This results in incorrect rounding for negative values. To keep the current behavior, use torch.div(a, b, rounding_mode='trunc'), or for actual floor division, use torch.div(a, b, rounding_mode='floor').
  hyp_ids = best_idxs // voc_size
/rds/project/rds-Yuap0gjVpKM/jw2055/counterspeech-iib-project/python3.8/lib/python3.8/site-packages/parlai/core/torch_generator_agent.py:1610: UserWarning: __floordiv__ is deprecated, and its behavior will change in a future version of pytorch. It currently rounds toward 0 (like the 'trunc' function NOT 'floor'). This results in incorrect rounding for negative values. To keep the current behavior, use torch.div(a, b, rounding_mode='trunc'), or for actual floor division, use torch.div(a, b, rounding_mode='floor').
  hyp_ids = best_idxs // voc_size
/rds/project/rds-Yuap0gjVpKM/jw2055/counterspeech-iib-project/python3.8/lib/python3.8/site-packages/parlai/core/torch_generator_agent.py:1610: UserWarning: __floordiv__ is deprecated, and its behavior will change in a future version of pytorch. It currently rounds toward 0 (like the 'trunc' function NOT 'floor'). This results in incorrect rounding for negative values. To keep the current behavior, use torch.div(a, b, rounding_mode='trunc'), or for actual floor division, use torch.div(a, b, rounding_mode='floor').
  hyp_ids = best_idxs // voc_size
/rds/project/rds-Yuap0gjVpKM/jw2055/counterspeech-iib-project/python3.8/lib/python3.8/site-packages/parlai/core/torch_generator_agent.py:1610: UserWarning: __floordiv__ is deprecated, and its behavior will change in a future version of pytorch. It currently rounds toward 0 (like the 'trunc' function NOT 'floor'). This results in incorrect rounding for negative values. To keep the current behavior, use torch.div(a, b, rounding_mode='trunc'), or for actual floor division, use torch.div(a, b, rounding_mode='floor').
  hyp_ids = best_idxs // voc_size
/rds/project/rds-Yuap0gjVpKM/jw2055/counterspeech-iib-project/python3.8/lib/python3.8/site-packages/parlai/core/torch_generator_agent.py:1610: UserWarning: __floordiv__ is deprecated, and its behavior will change in a future version of pytorch. It currently rounds toward 0 (like the 'trunc' function NOT 'floor'). This results in incorrect rounding for negative values. To keep the current behavior, use torch.div(a, b, rounding_mode='trunc'), or for actual floor division, use torch.div(a, b, rounding_mode='floor').
  hyp_ids = best_idxs // voc_size
/rds/project/rds-Yuap0gjVpKM/jw2055/counterspeech-iib-project/python3.8/lib/python3.8/site-packages/parlai/core/torch_generator_agent.py:1610: UserWarning: __floordiv__ is deprecated, and its behavior will change in a future version of pytorch. It currently rounds toward 0 (like the 'trunc' function NOT 'floor'). This results in incorrect rounding for negative values. To keep the current behavior, use torch.div(a, b, rounding_mode='trunc'), or for actual floor division, use torch.div(a, b, rounding_mode='floor').
  hyp_ids = best_idxs // voc_size
/rds/project/rds-Yuap0gjVpKM/jw2055/counterspeech-iib-project/python3.8/lib/python3.8/site-packages/parlai/core/torch_generator_agent.py:1610: UserWarning: __floordiv__ is deprecated, and its behavior will change in a future version of pytorch. It currently rounds toward 0 (like the 'trunc' function NOT 'floor'). This results in incorrect rounding for negative values. To keep the current behavior, use torch.div(a, b, rounding_mode='trunc'), or for actual floor division, use torch.div(a, b, rounding_mode='floor').
  hyp_ids = best_idxs // voc_size
/rds/project/rds-Yuap0gjVpKM/jw2055/counterspeech-iib-project/python3.8/lib/python3.8/site-packages/parlai/core/torch_generator_agent.py:1610: UserWarning: __floordiv__ is deprecated, and its behavior will change in a future version of pytorch. It currently rounds toward 0 (like the 'trunc' function NOT 'floor'). This results in incorrect rounding for negative values. To keep the current behavior, use torch.div(a, b, rounding_mode='trunc'), or for actual floor division, use torch.div(a, b, rounding_mode='floor').
  hyp_ids = best_idxs // voc_size
/rds/project/rds-Yuap0gjVpKM/jw2055/counterspeech-iib-project/python3.8/lib/python3.8/site-packages/parlai/core/torch_generator_agent.py:1610: UserWarning: __floordiv__ is deprecated, and its behavior will change in a future version of pytorch. It currently rounds toward 0 (like the 'trunc' function NOT 'floor'). This results in incorrect rounding for negative values. To keep the current behavior, use torch.div(a, b, rounding_mode='trunc'), or for actual floor division, use torch.div(a, b, rounding_mode='floor').
  hyp_ids = best_idxs // voc_size
/rds/project/rds-Yuap0gjVpKM/jw2055/counterspeech-iib-project/python3.8/lib/python3.8/site-packages/parlai/core/torch_generator_agent.py:1610: UserWarning: __floordiv__ is deprecated, and its behavior will change in a future version of pytorch. It currently rounds toward 0 (like the 'trunc' function NOT 'floor'). This results in incorrect rounding for negative values. To keep the current behavior, use torch.div(a, b, rounding_mode='trunc'), or for actual floor division, use torch.div(a, b, rounding_mode='floor').
  hyp_ids = best_idxs // voc_size
/rds/project/rds-Yuap0gjVpKM/jw2055/counterspeech-iib-project/python3.8/lib/python3.8/site-packages/parlai/core/torch_generator_agent.py:1610: UserWarning: __floordiv__ is deprecated, and its behavior will change in a future version of pytorch. It currently rounds toward 0 (like the 'trunc' function NOT 'floor'). This results in incorrect rounding for negative values. To keep the current behavior, use torch.div(a, b, rounding_mode='trunc'), or for actual floor division, use torch.div(a, b, rounding_mode='floor').
  hyp_ids = best_idxs // voc_size
/rds/project/rds-Yuap0gjVpKM/jw2055/counterspeech-iib-project/python3.8/lib/python3.8/site-packages/parlai/core/torch_generator_agent.py:1610: UserWarning: __floordiv__ is deprecated, and its behavior will change in a future version of pytorch. It currently rounds toward 0 (like the 'trunc' function NOT 'floor'). This results in incorrect rounding for negative values. To keep the current behavior, use torch.div(a, b, rounding_mode='trunc'), or for actual floor division, use torch.div(a, b, rounding_mode='floor').
  hyp_ids = best_idxs // voc_size
/rds/project/rds-Yuap0gjVpKM/jw2055/counterspeech-iib-project/python3.8/lib/python3.8/site-packages/parlai/core/torch_generator_agent.py:1610: UserWarning: __floordiv__ is deprecated, and its behavior will change in a future version of pytorch. It currently rounds toward 0 (like the 'trunc' function NOT 'floor'). This results in incorrect rounding for negative values. To keep the current behavior, use torch.div(a, b, rounding_mode='trunc'), or for actual floor division, use torch.div(a, b, rounding_mode='floor').
  hyp_ids = best_idxs // voc_size
/rds/project/rds-Yuap0gjVpKM/jw2055/counterspeech-iib-project/python3.8/lib/python3.8/site-packages/parlai/core/torch_generator_agent.py:1610: UserWarning: __floordiv__ is deprecated, and its behavior will change in a future version of pytorch. It currently rounds toward 0 (like the 'trunc' function NOT 'floor'). This results in incorrect rounding for negative values. To keep the current behavior, use torch.div(a, b, rounding_mode='trunc'), or for actual floor division, use torch.div(a, b, rounding_mode='floor').
  hyp_ids = best_idxs // voc_size
/rds/project/rds-Yuap0gjVpKM/jw2055/counterspeech-iib-project/python3.8/lib/python3.8/site-packages/parlai/core/torch_generator_agent.py:1610: UserWarning: __floordiv__ is deprecated, and its behavior will change in a future version of pytorch. It currently rounds toward 0 (like the 'trunc' function NOT 'floor'). This results in incorrect rounding for negative values. To keep the current behavior, use torch.div(a, b, rounding_mode='trunc'), or for actual floor division, use torch.div(a, b, rounding_mode='floor').
  hyp_ids = best_idxs // voc_size
/rds/project/rds-Yuap0gjVpKM/jw2055/counterspeech-iib-project/python3.8/lib/python3.8/site-packages/parlai/core/torch_generator_agent.py:1610: UserWarning: __floordiv__ is deprecated, and its behavior will change in a future version of pytorch. It currently rounds toward 0 (like the 'trunc' function NOT 'floor'). This results in incorrect rounding for negative values. To keep the current behavior, use torch.div(a, b, rounding_mode='trunc'), or for actual floor division, use torch.div(a, b, rounding_mode='floor').
  hyp_ids = best_idxs // voc_size
/rds/project/rds-Yuap0gjVpKM/jw2055/counterspeech-iib-project/python3.8/lib/python3.8/site-packages/parlai/core/torch_generator_agent.py:1610: UserWarning: __floordiv__ is deprecated, and its behavior will change in a future version of pytorch. It currently rounds toward 0 (like the 'trunc' function NOT 'floor'). This results in incorrect rounding for negative values. To keep the current behavior, use torch.div(a, b, rounding_mode='trunc'), or for actual floor division, use torch.div(a, b, rounding_mode='floor').
  hyp_ids = best_idxs // voc_size
/rds/project/rds-Yuap0gjVpKM/jw2055/counterspeech-iib-project/python3.8/lib/python3.8/site-packages/parlai/core/torch_generator_agent.py:1610: UserWarning: __floordiv__ is deprecated, and its behavior will change in a future version of pytorch. It currently rounds toward 0 (like the 'trunc' function NOT 'floor'). This results in incorrect rounding for negative values. To keep the current behavior, use torch.div(a, b, rounding_mode='trunc'), or for actual floor division, use torch.div(a, b, rounding_mode='floor').
  hyp_ids = best_idxs // voc_size
/rds/project/rds-Yuap0gjVpKM/jw2055/counterspeech-iib-project/python3.8/lib/python3.8/site-packages/parlai/core/torch_generator_agent.py:1610: UserWarning: __floordiv__ is deprecated, and its behavior will change in a future version of pytorch. It currently rounds toward 0 (like the 'trunc' function NOT 'floor'). This results in incorrect rounding for negative values. To keep the current behavior, use torch.div(a, b, rounding_mode='trunc'), or for actual floor division, use torch.div(a, b, rounding_mode='floor').
  hyp_ids = best_idxs // voc_size
/rds/project/rds-Yuap0gjVpKM/jw2055/counterspeech-iib-project/python3.8/lib/python3.8/site-packages/parlai/core/torch_generator_agent.py:1610: UserWarning: __floordiv__ is deprecated, and its behavior will change in a future version of pytorch. It currently rounds toward 0 (like the 'trunc' function NOT 'floor'). This results in incorrect rounding for negative values. To keep the current behavior, use torch.div(a, b, rounding_mode='trunc'), or for actual floor division, use torch.div(a, b, rounding_mode='floor').
  hyp_ids = best_idxs // voc_size
[id]: data/gab_data_test.txt
[text]: faggot
[eval_labels]: The term "faggot" is offensive to many people and so should not be used here.
   [id]: TransformerGenerator
   [beam_texts]: ('Use of the slur here is unacceptable in our discourse as it demeans and insults gays.', -0.8724358081817627)
  ('Use of the slur here is unacceptable in discourse as it demeans and insults gays.', -1.4949538707733154)
  ('Use of the slurs here is unacceptable in our discourse as it demeans and insults gays.', -2.011080265045166)
  ("Just because someone likes the same sex doesn't mean they deserve to be made fun of.", -2.2033326625823975)
  ('Use of the slurs here is unacceptable in discourse as it demeans and insults gays.', -2.6122589111328125)
  ... (5 of 21 shown)
   [text]: Use of the slur here is unacceptable in our discourse as it demeans and insults gays.
   [metrics]: 
    accuracy    bleu-4  clen  ctrunc  ctrunclen  exs    f1  llen  loss  ltrunc  \
           0 9.782e-11     4       0          0    1 .2069    21  1.05       0   
    ltrunclen   ppl  token_acc  token_em  
            0 2.856      .7143         0
   [token_losses]: ĠThe 3.141 | Ġterm 2.224 | Ġ" 2.734 | f 0.01311 | ag 0.1645 | got 0.009383 | " 0.02362 | Ġis 0.3619 | Ġoffensive 0.8264 | Ġto 0.4837 | Ġmany 1.418 | Ġpeople 0.8492 | Ġand 1.225 | Ġso 3.307 | Ġshould 0.7267 | Ġnot 0.3395 | Ġbe 0.00284 | Ġused 0.02304 | Ġhere 3.265 | . 0.09871 | __end__ 0.8036 | __null__ 0.0 | __null__ 0.0 | __null__ 0.0
- - - - - - - END OF EPISODE - - - - - - - - - -
~~
[id]: data/gab_data_test.txt
[text]: He is a nigger
[eval_labels]: Please note that the "n word" as used here is prohibited.
   [id]: TransformerGenerator
   [beam_texts]: ('Use of the n-word is unacceptable in our discourse as it demeans and insults blacks.', -0.9605071544647217)
  ('Use of the n-word is unacceptable in discourse as it demeans and insults blacks.', -1.160857915878296)
  ('Your post uses speech that denigrates race in violation of our Community Guidelines and TOS Agreement.', -2.1189656257629395)
  ('The N word is highly offensive.   All ethnicities and social groups deserve tolerance.', -2.429279327392578)
  ("Just because someone is a different race doesn't mean they deserve to be made fun of.", -2.7833023071289062)
  ... (5 of 28 shown)
   [text]: Use of the n-word is unacceptable in our discourse as it demeans and insults blacks.
   [metrics]: 
    accuracy    bleu-4  clen  ctrunc  ctrunclen  exs    f1  llen  loss  ltrunc  \
           0 1.051e-07     7       0          0    1 .3200    17 2.069       0   
    ltrunclen   ppl  token_acc  token_em  
            0 7.917      .5882         0
   [token_losses]: ĠPlease 2.544 | Ġnote 7.688 | Ġthat 0.4381 | Ġthe 2.456 | Ġ" 4.894 | n 0.0994 | Ġword 0.1376 | " 0.02741 | Ġas 6.167 | Ġused 0.51 | Ġhere 0.09254 | Ġis 0.07863 | Ġpro 7.685 | hib 0.01533 | ited 0.003864 | . 1.671 | __end__ 0.6661 | __null__ 0.0 | __null__ 0.0 | __null__ 0.0 | __null__ 0.0 | __null__ 0.0 | __null__ 0.0 | __null__ 0.0
- - - - - - - END OF EPISODE - - - - - - - - - -
~~
[id]: data/gab_data_test.txt
[text]: you're fucking retarded
[eval_labels]: "Retarded" as used pejoratively here offends the mentally disabled and their families
   [id]: TransformerGenerator
   [beam_texts]: ('Use of the r-word is unacceptable in our discourse as it demeans and insults people with mental disabilities.', -0.8407305479049683)
  ('Use of the r-word is unacceptable in discourse as it demeans and insults people with mental disabilities.', -1.1254180669784546)
  ('Your post uses speech that denigrates disability in violation of our Community Guidelines and TOS Agreement.', -2.0545778274536133)
  ('Hi There, Please refrain from using racist or derogatory comments. They are hurtful and do not reflect the views of most people here. Thanks', -2.2568657398223877)
  ('The R word is highly offensive.  Spread the word to end the word!', -2.368638515472412)
  ... (5 of 25 shown)
   [text]: Use of the r-word is unacceptable in our discourse as it demeans and insults people with mental disabilities.
   [metrics]: 
    accuracy    bleu-4  clen  ctrunc  ctrunclen  exs    f1  llen  loss  ltrunc  \
           0 7.224e-11     5       0          0    1 .1379    21 2.184       0   
    ltrunclen   ppl  token_acc  token_em  
            0 8.879      .6190         0
   [token_losses]: Ġ" 10.4 | R 0.2066 | et 0.08087 | arded 5.023 | " 0.08756 | Ġas 2.3 | Ġused 1.506 | Ġpe 7.216 | jor 0.0001621 | atively 0.002087 | Ġhere 2.644 | Ġoff 5.495 | ends 0.01408 | Ġthe 0.5204 | Ġmentally 0.2898 | Ġdis 0.5624 | abled 0.1945 | Ġand 0.7294 | Ġtheir 0.3504 | Ġfamilies 0.08956 | __end__ 8.148 | __null__ 0.0 | __null__ 0.0 | __null__ 0.0
- - - - - - - END OF EPISODE - - - - - - - - - -
~~
[id]: data/gab_data_test.txt
[text]: He's a nigger (in case you didnt know) who's greatest achievement as a nigger is bagging a mudshark. Funny how niggers always define their self worth by their ability to compete with Whitey on some miniscule level.
[eval_labels]: Do not use hateful racial words in your posts
   [id]: TransformerGenerator
   [beam_texts]: ('Use of the n-word is unacceptable in our discourse as it demeans and insults blacks.', -1.2448704242706299)
  ('Use of the n-word is unacceptable in discourse as it demeans and insults blacks.', -1.4432690143585205)
  ('Your post uses speech that denigrates race in violation of our Community Guidelines and TOS Agreement.', -1.9399291276931763)
  ('The N word is highly offensive.   All ethnicities and social groups deserve tolerance.', -2.8139750957489014)
  ("Just because someone is a different race doesn't mean they deserve to be made fun of.", -2.925394296646118)
  ... (5 of 29 shown)
   [text]: Use of the n-word is unacceptable in our discourse as it demeans and insults blacks.
   [metrics]: 
    accuracy    bleu-4  clen  ctrunc  ctrunclen  exs    f1  llen  loss  ltrunc  \
           0 8.839e-11    60       0          0    1 .1667    12 1.958       0   
    ltrunclen   ppl  token_acc  token_em  
            0 7.087      .5833         0
   [token_losses]: ĠDo 5.889 | Ġnot 0.2242 | Ġuse 0.4915 | Ġhate 2.505 | ful 0.2191 | Ġrac 0.8553 | ial 0.004608 | Ġwords 5.036 | Ġin 2.88 | Ġyour 0.8014 | Ġposts 1.284 | __end__ 3.308 | __null__ 0.0 | __null__ 0.0 | __null__ 0.0 | __null__ 0.0
- - - - - - - END OF EPISODE - - - - - - - - - -
~~
[id]: data/gab_data_test.txt
[text]: Dear cucks! Why public schools don’t work, some people graduate them and even write books but never learn that anecdotal evidence isn’t really evidence. Pointing at an outlier and pretending it’s the median is lying.
[eval_labels]: Avoid using sexual slurs in response to posts on this feed.
   [id]: TransformerGenerator
   [beam_texts]: ('Use of the c-word is unacceptable in our discourse as it demeans and insults women.', -1.0905629396438599)
  ('Use of the c-word is unacceptable in discourse as it demeans and insults women.', -1.34428071975708)
  ('Use of the slur here is unacceptable in our discourse as it demeans and insults gays.', -1.4480737447738647)
  ('Use of the slur here is unacceptable in our discourse as it demeans and insults women.', -1.9563019275665283)
  ('Use of the slur here is unacceptable in our discourse as it demeans and insults Mexicans.', -1.9979623556137085)
  ... (5 of 20 shown)
   [text]: Use of the c-word is unacceptable in our discourse as it demeans and insults women.
   [metrics]: 
    accuracy    bleu-4  clen  ctrunc  ctrunclen  exs     f1  llen  loss  ltrunc  \
           0 7.433e-11    57       0          0    1 .07692    15 2.578       0   
    ltrunclen   ppl  token_acc  token_em  
            0 13.17      .5333         0
   [token_losses]: ĠAv 8.751 | oid 0.03433 | Ġusing 0.8056 | Ġsexual 5.723 | Ġsl 1.361 | urs 0.2111 | Ġin 2.046 | Ġresponse 2.758 | Ġto 0.02043 | Ġposts 4.718 | Ġon 3.733 | Ġthis 1.13 | Ġfeed 6.743 | . 0.4116 | __end__ 0.2208 | __null__ 0.0
- - - - - - - END OF EPISODE - - - - - - - - - -
~~
[id]: data/gab_data_test.txt
[text]: What a cunt
[eval_labels]: Avoid using inappropriate language when responding to posts.
   [id]: TransformerGenerator
   [beam_texts]: ('Use of the c-word is unacceptable in our discourse as it demeans and insults women.', -0.9220790266990662)
  ('Use of the c-word is unacceptable in discourse as it demeans and insults women.', -1.4349654912948608)
  ('Use of the slur here is unacceptable in our discourse as it demeans and insults women.', -2.102177381515503)
  ('Use of the c-word is unacceptable in our discourse as it demeans and insults woman.', -2.4863338470458984)
  ("Just because someone likes the same sex doesn't mean they deserve to be made fun of.", -2.7164549827575684)
  ... (5 of 33 shown)
   [text]: Use of the c-word is unacceptable in our discourse as it demeans and insults women.
   [metrics]: 
    accuracy  bleu-4  clen  ctrunc  ctrunclen  exs  f1  llen  loss  ltrunc  ltrunclen  \
           0       0     4       0          0    1   0    15 1.738       0          0   
     ppl  token_acc  token_em  
   5.687      .7333         0
   [token_losses]: ĠAv 9.165 | oid 0.0293 | Ġusing 0.7352 | Ġin 7.394 | app 0.1482 | ro 0.002979 | priate 0.00307 | Ġlanguage 1.242 | Ġwhen 2.22 | Ġrespond 0.6543 | ing 0.0001334 | Ġto 0.1923 | Ġposts 3.829 | . 0.3289 | __end__ 0.1273 | __null__ 0.0
- - - - - - - END OF EPISODE - - - - - - - - - -
~~
[id]: data/gab_data_test.txt
[text]: 2/  It should be somewhat obvious this is parallel to Arab societies and the causes for the terrorism is similar.  Like... who the fuck wants to live in a society like that? It's really nigger tier shit.
[eval_labels]: Do not use racial slurs when voicing your opinions.
   [id]: TransformerGenerator
   [beam_texts]: ('Use of the n-word is unacceptable in our discourse as it demeans and insults blacks.', -1.1758767366409302)
  ('Use of the n-word is unacceptable in discourse as it demeans and insults blacks.', -1.23540461063385)
  ('Your post uses speech that denigrates race in violation of our Community Guidelines and TOS Agreement.', -2.2739920616149902)
  ('Use of the n-word is unacceptable in our discourse as it demeans and insults Blacks.', -2.963583469390869)
  ('Use of the n-word is unacceptable in our discourse as it demeans and insults black people.', -2.987713098526001)
  ... (5 of 25 shown)
   [text]: Use of the n-word is unacceptable in our discourse as it demeans and insults blacks.
   [metrics]: 
    accuracy    bleu-4  clen  ctrunc  ctrunclen  exs     f1  llen  loss  ltrunc  \
           0 7.433e-11    54       0          0    1 .08333    15 1.258       0   
    ltrunclen   ppl  token_acc  token_em  
            0 3.519      .7333         0
   [token_losses]: ĠDo 5.933 | Ġnot 0.3641 | Ġuse 0.5702 | Ġrac 1.338 | ial 0.04214 | Ġsl 0.0757 | urs 0.001274 | Ġwhen 2.12 | Ġv 6.432 | o 0.00128 | icing 0.0007503 | Ġyour 0.3825 | Ġopinions 1.144 | . 0.3796 | __end__ 0.088 | __null__ 0.0
- - - - - - - END OF EPISODE - - - - - - - - - -
~~
[id]: data/gab_data_test.txt
[text]: Yes. We're just intimidated by strong, independent wimminz. She totally doesn't act like an insufferable cunt all day on social media or anything.
[eval_labels]: Stop calling women names.
   [id]: TransformerGenerator
   [beam_texts]: ('Use of the c-word is unacceptable in our discourse as it demeans and insults women.', -0.9711401462554932)
  ('Use of the c-word is unacceptable in discourse as it demeans and insults women.', -1.37582528591156)
  ('Use of the slur here is unacceptable in our discourse as it demeans and insults women.', -1.8100839853286743)
  ('Use of the slurs here is unacceptable in our discourse as it demeans and insults women.', -2.4080169200897217)
  ('Use of the c-word is unacceptable in our discourse as it demeans and insults woman.', -2.470855951309204)
  ... (5 of 31 shown)
   [text]: Use of the c-word is unacceptable in our discourse as it demeans and insults women.
   [metrics]: 
    accuracy    bleu-4  clen  ctrunc  ctrunclen  exs    f1  llen  loss  ltrunc  \
           0 7.433e-11    38       0          0    1 .1053     6 2.161       0   
    ltrunclen   ppl  token_acc  token_em  
            0 8.681      .6667         0
   [token_losses]: ĠStop 5.774 | Ġcalling 4.9 | Ġwomen 0.2926 | Ġnames 0.692 | . 1.003 | __end__ 0.3054 | __null__ 0.0 | __null__ 0.0
- - - - - - - END OF EPISODE - - - - - - - - - -
~~
[id]: data/gab_data_test.txt
[text]: remember, the only reason OJ is free is jury "payback" for beating a crazy nigger high on pcp
[eval_labels]: stop with the negative racial slurs.
   [id]: TransformerGenerator
   [beam_texts]: ('Use of the n-word is unacceptable in our discourse as it demeans and insults blacks.', -1.2492347955703735)
  ('Use of the n-word is unacceptable in discourse as it demeans and insults blacks.', -1.442771077156067)
  ('Your post uses speech that denigrates race in violation of our Community Guidelines and TOS Agreement.', -2.314507007598877)
  ("Just because someone is a different race doesn't mean they deserve to be made fun of.", -2.8281445503234863)
  ('The N word is unacceptable in our discourse as it demeans and insults blacks.', -2.8297975063323975)
  ... (5 of 29 shown)
   [text]: Use of the n-word is unacceptable in our discourse as it demeans and insults blacks.
   [metrics]: 
    accuracy  bleu-4  clen  ctrunc  ctrunclen  exs  f1  llen  loss  ltrunc  ltrunclen  \
           0       0    28       0          0    1   0    10 2.264       0          0   
     ppl  token_acc  token_em  
   9.624      .6000         0
   [token_losses]: Ġstop 9.589 | Ġwith 3.271 | Ġthe 0.1566 | Ġnegative 5.345 | Ġrac 1.27 | ial 0.004936 | Ġsl 0.7376 | urs 0.007209 | . 1.534 | __end__ 0.7275 | __null__ 0.0 | __null__ 0.0 | __null__ 0.0 | __null__ 0.0 | __null__ 0.0 | __null__ 0.0
- - - - - - - END OF EPISODE - - - - - - - - - -
~~
[id]: data/gab_data_test.txt
[text]: Bye globalist cunt
[eval_labels]: stop calling women names.
   [id]: TransformerGenerator
   [beam_texts]: ('Use of the c-word is unacceptable in our discourse as it demeans and insults women.', -0.874569296836853)
  ('Use of the c-word is unacceptable in discourse as it demeans and insults women.', -1.2771551609039307)
  ('Use of the slur here is unacceptable in our discourse as it demeans and insults women.', -1.694127082824707)
  ('Your post uses speech that denigrates sex and gender in violation of our Community Guidelines and TOS Agreement.', -2.3042922019958496)
  ('Use of the c-word is unacceptable in our discourse as it demeans and insults woman.', -2.452927589416504)
  ... (5 of 20 shown)
   [text]: Use of the c-word is unacceptable in our discourse as it demeans and insults women.
   [metrics]: 
    accuracy    bleu-4  clen  ctrunc  ctrunclen  exs    f1  llen  loss  ltrunc  \
           0 7.433e-11     6       0          0    1 .1053     6 2.937       0   
    ltrunclen   ppl  token_acc  token_em  
            0 18.86      .5000         0
   [token_losses]: Ġstop 9.97 | Ġcalling 4.289 | Ġwomen 0.4151 | Ġnames 0.6404 | . 1.851 | __end__ 0.4565 | __null__ 0.0 | __null__ 0.0
- - - - - - - END OF EPISODE - - - - - - - - - -
~~
[id]: data/gab_data_test.txt
[text]: dyke
[eval_labels]: Stop negative sexual profiling.
   [id]: TransformerGenerator
   [beam_texts]: ('Use of the slur here is unacceptable in our discourse as it demeans and insults gays.', -0.8836587071418762)
  ('Use of the slur here is unacceptable in discourse as it demeans and insults gays.', -1.6678962707519531)
  ('Use of the slur here is unacceptable in our discourse as it demeans and insults lesbians.', -2.003117322921753)
  ('Use of the slurs here is unacceptable in our discourse as it demeans and insults and alienates others.', -2.03134822845459)
  ('Use of the slurs here is unacceptable in our discourse as it demeans and insults gays.', -2.0659430027008057)
  ... (5 of 23 shown)
   [text]: Use of the slur here is unacceptable in our discourse as it demeans and insults gays.
   [metrics]: 
    accuracy  bleu-4  clen  ctrunc  ctrunclen  exs  f1  llen  loss  ltrunc  ltrunclen  \
           0       0     3       0          0    1   0     7 5.548       0          0   
     ppl  token_acc  token_em  
   256.7      .2857         0
   [token_losses]: ĠStop 6.227 | Ġnegative 10.11 | Ġsexual 9.224 | Ġprof 7.575 | iling 3.975 | . 1.481 | __end__ 0.2403 | __null__ 0.0
- - - - - - - END OF EPISODE - - - - - - - - - -
~~
[id]: data/gab_data_test.txt
[text]: If this little spic hasn't been caged and thrown over the Rio Grande, Trump is not doing his job
[eval_labels]: Stop calling people names and advocating violence.
   [id]: TransformerGenerator
   [beam_texts]: ('Use of the slur here is unacceptable in our discourse as it demeans and insults Mexicans.', -1.159628987312317)
  ('Use of the slur here is unacceptable in discourse as it demeans and insults Mexicans.', -2.0579521656036377)
  ('Use of the n-word is unacceptable in our discourse as it demeans and insults blacks.', -2.1919994354248047)
  ('Use of the slurs here is unacceptable in our discourse as it demeans and insults Mexicans.', -2.2452502250671387)
  ('Use of the n-word is unacceptable in discourse as it demeans and insults blacks.', -2.284546375274658)
  ... (5 of 21 shown)
   [text]: Use of the slur here is unacceptable in our discourse as it demeans and insults Mexicans.
   [metrics]: 
    accuracy    bleu-4  clen  ctrunc  ctrunclen  exs     f1  llen  loss  ltrunc  \
           0 7.433e-11    26       0          0    1 .09091    10 2.208       0   
    ltrunclen   ppl  token_acc  token_em  
            0 9.099      .6000         0
   [token_losses]: ĠStop 6.484 | Ġcalling 3.821 | Ġpeople 0.392 | Ġnames 0.6951 | Ġand 2.053 | Ġadvoc 7.088 | ating 0.01159 | Ġviolence 0.3805 | . 0.9254 | __end__ 0.2313 | __null__ 0.0 | __null__ 0.0 | __null__ 0.0 | __null__ 0.0 | __null__ 0.0 | __null__ 0.0
- - - - - - - END OF EPISODE - - - - - - - - - -
~~
[id]: data/gab_data_test.txt
[text]: Yet another retard beyond any help with her mental illness & illusions. What's the odds she's one ugly fat stinking blimp? She obviously has no brain capability to understand the legal principle of innocent until proven guilty. Another democRAT
[eval_labels]: Avoid using racially driven language. Refrain from using religious names in a derogatory sense.  AVoid using strong and offensive wording.
   [id]: TransformerGenerator
   [beam_texts]: ('Use of the r-word is unacceptable in our discourse as it demeans and insults people with mental disabilities.', -0.9365003108978271)
  ('Use of the r-word is unacceptable in discourse as it demeans and insults people with mental disabilities.', -1.2183127403259277)
  ('Your post uses speech that denigrates disability in violation of our Community Guidelines and TOS Agreement.', -1.913062334060669)
  ('Using the r-word is unacceptable in our discourse as it demeans and insults people with mental disabilities.', -2.167102575302124)
  ('The R word is highly offensive.  Spread the word to end the word!', -2.358660936355591)
  ... (5 of 37 shown)
   [text]: Use of the r-word is unacceptable in our discourse as it demeans and insults people with mental disabilities.
   [metrics]: 
    accuracy    bleu-4  clen  ctrunc  ctrunclen  exs    f1  llen  loss  ltrunc  \
           0 6.834e-11    55       0          0    1 .1081    34 3.054       0   
    ltrunclen  ppl  token_acc  token_em  
            0 21.2      .4118         0
   [token_losses]: ĠAv 9.38 | oid 0.01266 | Ġusing 0.511 | Ġrac 5.616 | ially 3.364 | Ġdriven 7.426 | Ġlanguage 3.568 | . 1.64 | ĠR 5.162 | ef 0.1606 | rain 0.114 | Ġfrom 0.01044 | Ġusing 0.5866 | Ġreligious 5.576 | Ġnames 7.011 | Ġin 4.169 | Ġa 3.049 | Ġder 1.197 | og 0.001307 | atory 0.002474 | Ġsense 3.514 | . 0.1652 | Ġ 3.794 | ĠA 5.664 | V 7.448 | oid 2.072 | Ġusing 1.122 | Ġstrong 6.73 | Ġand 3.905 | Ġoffensive 2.457 | Ġword 4.977 | ing 2.588 | . 0.5769 | __end__ 0.2654 | __null__ 0.0 | __null__ 0.0 | __null__ 0.0 | __null__ 0.0 | __null__ 0.0 | __null__ 0.0
- - - - - - - END OF EPISODE - - - - - - - - - -
~~
[id]: data/gab_data_test.txt
[Jesus, retard. You don't have the slightest clue why the linked article was written. Of course you can't hit targets using magic skills - you need to know how far away the guy is. That's why the average numbers used to estimate the distance & the bullet drop are given to you. Just go away dumbass]: Jesus, retard. You don't have the slightest clue why the linked article was written. Of course you can't hit targets using magic skills - you need to know how far away the guy is. That's why the average numbers used to estimate the distance & the bullet drop are given to you. Just go away dumbass.
[text]: 1 
[eval_labels]: Refrain from using the word "retarded" due to it's offensive nature.   Do not use the word "jesus" inappropriately.
   [id]: TransformerGenerator
   [beam_texts]: ('Use of the slur here is unacceptable in our discourse as it demeans and insults gays.', -1.3263986110687256)
  ('Use of the n-word is unacceptable in our discourse as it demeans and insults blacks.', -1.4590789079666138)
  ('Use of the n-word is unacceptable in discourse as it demeans and insults blacks.', -1.488439917564392)
  ('Use of the slur here is unacceptable in our discourse as it demeans and insults Mexicans.', -1.607224702835083)
  ('Use of the slur here is unacceptable in our discourse as it demeans and insults Muslims.', -1.680884838104248)
  ... (5 of 21 shown)
   [text]: Use of the slur here is unacceptable in our discourse as it demeans and insults gays.
   [metrics]: 
    accuracy    bleu-4  clen  ctrunc  ctrunclen  exs    f1  llen  loss  ltrunc  \
           0 7.736e-11     3       0          0    1 .1250    36 1.772       0   
    ltrunclen   ppl  token_acc  token_em  
            0 5.882      .5833         0
   [token_losses]: ĠR 4.032 | ef 1.016 | rain 0.04718 | Ġfrom 0.008107 | Ġusing 0.5667 | Ġthe 2.727 | Ġword 1.961 | Ġ" 0.9886 | ret 0.4588 | arded 0.4087 | " 0.7671 | Ġdue 7.401 | Ġto 0.004404 | Ġit 1.74 | 's 0.3802 | Ġoffensive 1.8 | Ġnature 1.071 | . 0.3649 | Ġ 2.957 | Ġ 2.202 | ĠDo 5.499 | Ġnot 0.254 | Ġuse 0.8247 | Ġthe 2.173 | Ġword 1.544 | Ġ" 0.2952 | j 5.617 | esus 5.813 | " 0.3858 | Ġin 2.263 | app 6.752 | ro 0.00369 | pri 0.07381 | ately 0.002553 | . 1.032 | __end__ 0.3504 | __null__ 0.0 | __null__ 0.0 | __null__ 0.0 | __null__ 0.0
- - - - - - - END OF EPISODE - - - - - - - - - -
~~
[id]: data/gab_data_test.txt
[text]: So trump got payed 200k a year from age three. I'm not a faggot so I won't cry about it.   However if you bought something today at 200k it's roughly 18k back then.   Ppl who pay money, but don't get money should be pissed at the stewards of our econs.   So there's nothing to the rich get richer meme? As to motivation.
[eval_labels]: Avoid using the word 'poor" in a discriminatory context.  Avoid using the word "faggot", it offends certain demographics.
   [id]: TransformerGenerator
   [beam_texts]: ('Use of the slur here is unacceptable in our discourse as it demeans and insults gays.', -0.8537733554840088)
  ('Use of the slur here is unacceptable in discourse as it demeans and insults gays.', -1.5830175876617432)
  ('Use of the slurs here is unacceptable in our discourse as it demeans and insults gays.', -1.8855607509613037)
  ('Use of the slurs here is unacceptable in our discourse as it demeans and insults and alienates others.', -2.2599780559539795)
  ("Just because someone likes the same sex doesn't mean they deserve to be made fun of.", -2.5073020458221436)
  ... (5 of 20 shown)
   [text]: Use of the slur here is unacceptable in our discourse as it demeans and insults gays.
   [metrics]: 
    accuracy    bleu-4  clen  ctrunc  ctrunclen  exs    f1  llen  loss  ltrunc  \
           0 8.839e-11    94       0          0    1 .1333    36 2.483       0   
    ltrunclen   ppl  token_acc  token_em  
            0 11.97      .4722         0
   [token_losses]: ĠAv 8.982 | oid 0.08913 | Ġusing 0.6734 | Ġthe 2.922 | Ġword 1.489 | Ġ' 0.9956 | p 10.97 | oor 2.442 | " 7.566 | Ġin 2.273 | Ġa 2.362 | Ġdiscrim 7.151 | in 0.164 | atory 0.003489 | Ġcontext 2.45 | . 0.5549 | Ġ 2.928 | ĠAv 4.676 | oid 0.001118 | Ġusing 0.461 | Ġthe 0.461 | Ġword 0.4109 | Ġ" 5.522 | f 0.1546 | ag 0.1991 | got 0.01203 | ", 4.42 | Ġit 1.781 | Ġoff 4.662 | ends 0.002085 | Ġcertain 8.434 | Ġdem 3.592 | ograph 0.002862 | ics 0.01161 | . 0.4045 | __end__ 0.1533 | __null__ 0.0 | __null__ 0.0 | __null__ 0.0 | __null__ 0.0
- - - - - - - END OF EPISODE - - - - - - - - - -
~~
[id]: data/gab_data_test.txt
[text]: @jack @Twitter @TwitterSupport    The New & Improved Faggot Jack    SJW ◀️ SJWNPC
[eval_labels]: Refrain from using the word "faggot", which is insulting to individuals with homosexual preferences.
   [id]: TransformerGenerator
   [beam_texts]: ('Use of the slur here is unacceptable in our discourse as it demeans and insults gays.', -0.893841028213501)
  ('Use of the slur here is unacceptable in discourse as it demeans and insults gays.', -1.51563560962677)
  ('Use of the slurs here is unacceptable in our discourse as it demeans and insults gays.', -1.859473705291748)
  ('Your post uses speech that denigrates sexual orientation in violation of our Community Guidelines and TOS Agreement.', -1.9177780151367188)
  ('Use of the slurs here is unacceptable in our discourse as it demeans and insults and alienates others.', -2.0639326572418213)
  ... (5 of 20 shown)
   [text]: Use of the slur here is unacceptable in our discourse as it demeans and insults gays.
   [metrics]: 
    accuracy    bleu-4  clen  ctrunc  ctrunclen  exs     f1  llen  loss  ltrunc  \
           0 7.433e-11    45       0          0    1 .07143    26 1.625       0   
    ltrunclen   ppl  token_acc  token_em  
            0 5.077      .5769         0
   [token_losses]: ĠR 4.587 | ef 1.064 | rain 0.01953 | Ġfrom 0.004795 | Ġusing 0.1829 | Ġthe 3.0 | Ġword 2.197 | Ġ" 1.053 | f 0.05202 | ag 0.1086 | got 0.00994 | ", 2.399 | Ġwhich 3.975 | Ġis 0.4788 | Ġins 5.436 | ulting 1.654 | Ġto 0.2093 | Ġindividuals 6.083 | Ġwith 1.133 | Ġhom 3.748 | osexual 0.01075 | Ġpref 3.993 | ere 0.0006228 | nces 2.444e-05 | . 0.5999 | __end__ 0.2419 | __null__ 0.0 | __null__ 0.0 | __null__ 0.0 | __null__ 0.0 | __null__ 0.0 | __null__ 0.0
- - - - - - - END OF EPISODE - - - - - - - - - -
~~
[id]: data/gab_data_test.txt
[text]: 10/ Semi-related, that's the same with 2nd Amendment absolutists.  Like Jim Losi seriously and literally says that there should be no restrictions on guns, including for criminals and the mentally ill.  He told me that directly.  If that's your position and you think you're a "super patriot," you're actually just a retard.
[eval_labels]: Avoid using terms that are derogatory towards homosexuality.
   [id]: TransformerGenerator
   [beam_texts]: ('Use of the r-word is unacceptable in our discourse as it demeans and insults people with mental disabilities.', -1.026671290397644)
  ('Use of the r-word is unacceptable in discourse as it demeans and insults people with mental disabilities.', -1.2913044691085815)
  ('Using the r-word is unacceptable in our discourse as it demeans and insults people with mental disabilities.', -1.9306339025497437)
  ('Your post uses speech that denigrates disability in violation of our Community Guidelines and TOS Agreement.', -2.07536244392395)
  ('Using the r-word is unacceptable in discourse as it demeans and insults people with mental disabilities.', -2.154961109161377)
  ... (5 of 44 shown)
   [text]: Use of the r-word is unacceptable in our discourse as it demeans and insults people with mental disabilities.
   [metrics]: 
    accuracy  bleu-4  clen  ctrunc  ctrunclen  exs  f1  llen  loss  ltrunc  ltrunclen  \
           0       0    89       0          0    1   0    15  1.85       0          0   
     ppl  token_acc  token_em  
   6.357      .6000         0
   [token_losses]: ĠAv 9.417 | oid 0.01748 | Ġusing 0.4056 | Ġterms 2.762 | Ġthat 0.1447 | Ġare 0.6097 | Ġder 1.684 | og 0.0007324 | atory 0.002998 | Ġtowards 0.7541 | Ġhom 7.421 | osexual 0.01576 | ity 2.496 | . 1.847 | __end__ 0.1648 | __null__ 0.0
- - - - - - - END OF EPISODE - - - - - - - - - -
~~
[id]: data/gab_data_test.txt
[text]: No mother fucker. The 'Chosen People' isn't selective DNA based on Creed BUT But but...   IT'S about, right here, right now ... for everyone, from everywhere, living in these END TIMES & more importantly based on our individual Choice/Direction/Belief - Got it motherfucker?   God is real therefore he is looking for his REAL people. Not some preachy cunt like you - https://youtu.be/5cjqFHTjVFQ
[eval_labels]: Offensive language based on genitalia is not allowed. Please refrain from using such language in the future.
   [id]: TransformerGenerator
   [beam_texts]: ('Use of the c-word is unacceptable in our discourse as it demeans and insults women.', -1.1410422325134277)
  ('Use of the c-word is unacceptable in discourse as it demeans and insults women.', -1.4924081563949585)
  ('Use of the slur here is unacceptable in our discourse as it demeans and insults women.', -2.0049421787261963)
  ('Use of the slurs here is unacceptable in our discourse as it demeans and insults women.', -2.5899064540863037)
  ('Use of the c-word is unacceptable in our discourse as it demeans and insults woman.', -2.6547439098358154)
  ... (5 of 27 shown)
   [text]: Use of the c-word is unacceptable in our discourse as it demeans and insults women.
   [metrics]: 
    accuracy    bleu-4  clen  ctrunc  ctrunclen  exs    f1  llen  loss  ltrunc  \
           0 8.269e-11   131       1          3    1 .1290    24 1.544       0   
    ltrunclen   ppl  token_acc  token_em  
            0 4.683      .6667         0
   [token_losses]: ĠOff 9.969 | ensive 0.6813 | Ġlanguage 0.6968 | Ġbased 4.294 | Ġon 0.05956 | Ġgen 6.477 | ital 0.6305 | ia 0.0975 | Ġis 0.5521 | Ġnot 0.3211 | Ġallowed 1.169 | . 0.3269 | ĠPlease 2.296 | Ġref 0.6393 | rain 0.002462 | Ġfrom 0.2278 | Ġusing 3.447 | Ġsuch 1.729 | Ġlanguage 1.59 | Ġin 1.401 | Ġthe 0.09741 | Ġfuture 0.08775 | . 0.07276 | __end__ 0.1912
- - - - - - - END OF EPISODE - - - - - - - - - -
~~
[id]: data/gab_data_test.txt
[text]: Danny Trejo is the most annoying spic ever. Until Elizabeth Warrens DNA teas came back showing she's a spic. Spicahontas.
[eval_labels]: Keep your opinion constructive, no need for hate labels.
   [id]: TransformerGenerator
   [beam_texts]: ('Use of the slur here is unacceptable in our discourse as it demeans and insults Mexicans.', -1.190443515777588)
  ('Use of the slur here is unacceptable in our discourse as it demeans and insults Spics.', -1.9841976165771484)
  ('Use of the n-word is unacceptable in our discourse as it demeans and insults blacks.', -2.1015572547912598)
  ('Use of the slur here is unacceptable in our discourse as it demeans and insults spics.', -2.1124050617218018)
  ('Use of the slur here is unacceptable in discourse as it demeans and insults Mexicans.', -2.1561334133148193)
  ... (5 of 26 shown)
   [text]: Use of the slur here is unacceptable in our discourse as it demeans and insults Mexicans.
   [metrics]: 
    accuracy  bleu-4  clen  ctrunc  ctrunclen  exs  f1  llen  loss  ltrunc  ltrunclen  \
           0       0    40       0          0    1   0    15  2.96       0          0   
     ppl  token_acc  token_em  
   19.29      .5333         0
   [token_losses]: ĠKeep 7.9 | Ġyour 1.648 | Ġopinion 5.648 | Ġconst 6.312 | ruct 0.278 | ive 0.009118 | , 2.003 | Ġno 3.886 | Ġneed 0.5299 | Ġfor 1.708 | Ġhate 1.414 | Ġlab 12.4 | els 0.06128 | . 0.5229 | __end__ 0.07363 | __null__ 0.0
- - - - - - - END OF EPISODE - - - - - - - - - -
~~
[id]: data/gab_data_test.txt
[text]: I still like their old stuff. Before Bozo became the cunt he is now.
[eval_labels]: Offensive language based on genitalia is not allowed. Please refrain from using such language in the future.
   [id]: TransformerGenerator
   [beam_texts]: ('Use of the c-word is unacceptable in our discourse as it demeans and insults women.', -1.0186192989349365)
  ('Use of the c-word is unacceptable in discourse as it demeans and insults women.', -1.4184330701828003)
  ('Use of the c-word is unacceptable in our discourse as it demeans and insults woman.', -2.470447301864624)
  ('Use of the slur here is unacceptable in our discourse as it demeans and insults women.', -2.5873236656188965)
  ('Use of the c-word is unacceptable in discourse as it demeans and insults woman.', -2.8815364837646484)
  ... (5 of 20 shown)
   [text]: Use of the c-word is unacceptable in our discourse as it demeans and insults women.
   [metrics]: 
    accuracy    bleu-4  clen  ctrunc  ctrunclen  exs    f1  llen  loss  ltrunc  \
           0 8.269e-11    19       0          0    1 .1290    24 1.578       0   
    ltrunclen   ppl  token_acc  token_em  
            0 4.845      .6667         0
   [token_losses]: ĠOff 9.609 | ensive 0.6999 | Ġlanguage 0.7666 | Ġbased 5.0 | Ġon 0.05692 | Ġgen 7.022 | ital 0.3484 | ia 0.0612 | Ġis 0.3009 | Ġnot 0.3032 | Ġallowed 1.3 | . 0.3491 | ĠPlease 2.337 | Ġref 0.5976 | rain 0.002372 | Ġfrom 0.2254 | Ġusing 3.761 | Ġsuch 1.808 | Ġlanguage 1.553 | Ġin 1.372 | Ġthe 0.07425 | Ġfuture 0.06535 | . 0.0688 | __end__ 0.1869
- - - - - - - END OF EPISODE - - - - - - - - - -
~~
Changed directory to /rds/project/rds-Yuap0gjVpKM/jw2055/counterspeech-iib-project.

JobID: 55839393
======
Time: Fri 25 Feb 09:23:29 GMT 2022
Running on master node: gpu-q-35
Current directory: /rds/project/rds-Yuap0gjVpKM/jw2055/counterspeech-iib-project
/usr/bin/perl: symbol lookup error: /usr/local/software/slurm/slurm-19.05.5/lib64/perl5/auto/Slurm/Slurm.so: undefined symbol: Perl_xs_apiversion_bootcheck

Nodes allocated:
================


numtasks=1, numnodes=1, mpi_tasks_per_node=1 (OMP_NUM_THREADS=1)

Executing command:
==================
 

